<?xml version="1.0" encoding="UTF-8"?>
<testng-results ignored="0" total="6" passed="4" failed="2" skipped="0">
  <reporter-output>
  </reporter-output>
  <suite started-at="2024-11-12T17:28:41 IST" name="Suite" finished-at="2024-11-12T17:32:03 IST" duration-ms="202088">
    <groups>
    </groups>
    <test started-at="2024-11-12T17:28:41 IST" name="Test1" finished-at="2024-11-12T17:29:04 IST" duration-ms="22533">
      <class name="Simpleformdemo.Testscenario_1">
        <test-method is-config="true" signature="setup(java.lang.reflect.Method,org.testng.ITestContext)[pri:0, instance:Simpleformdemo.Testscenario_1@7d4f9aae]" started-at="2024-11-12T17:28:41 IST" name="setup" finished-at="2024-11-12T17:28:48 IST" duration-ms="7336" status="PASS">
          <params>
            <param index="0">
              <value>
                <![CDATA[public void Simpleformdemo.Testscenario_1.test1()]]>
              </value>
            </param>
            <param index="1">
              <value>
                <![CDATA[org.testng.TestRunner@2b10ace9]]>
              </value>
            </param>
          </params>
          <reporter-output>
          </reporter-output>
        </test-method> <!-- setup -->
        <test-method signature="test1()[pri:0, instance:Simpleformdemo.Testscenario_1@7d4f9aae]" started-at="2024-11-12T17:28:48 IST" name="test1" finished-at="2024-11-12T17:29:01 IST" duration-ms="12864" status="PASS">
          <reporter-output>
          </reporter-output>
        </test-method> <!-- test1 -->
        <test-method is-config="true" signature="tearDown()[pri:0, instance:Simpleformdemo.Testscenario_1@7d4f9aae]" started-at="2024-11-12T17:29:01 IST" name="tearDown" finished-at="2024-11-12T17:29:04 IST" duration-ms="2307" status="PASS">
          <reporter-output>
          </reporter-output>
        </test-method> <!-- tearDown -->
      </class> <!-- Simpleformdemo.Testscenario_1 -->
    </test> <!-- Test1 -->
    <test started-at="2024-11-12T17:29:04 IST" name="Test2" finished-at="2024-11-12T17:29:21 IST" duration-ms="17685">
      <class name="Simpleformdemo.Testscenario_1">
        <test-method is-config="true" signature="setup(java.lang.reflect.Method,org.testng.ITestContext)[pri:0, instance:Simpleformdemo.Testscenario_1@3b0fe47a]" started-at="2024-11-12T17:29:04 IST" name="setup" finished-at="2024-11-12T17:29:09 IST" duration-ms="5739" status="PASS">
          <params>
            <param index="0">
              <value>
                <![CDATA[public void Simpleformdemo.Testscenario_1.test1()]]>
              </value>
            </param>
            <param index="1">
              <value>
                <![CDATA[org.testng.TestRunner@52169758]]>
              </value>
            </param>
          </params>
          <reporter-output>
          </reporter-output>
        </test-method> <!-- setup -->
        <test-method signature="test1()[pri:0, instance:Simpleformdemo.Testscenario_1@3b0fe47a]" started-at="2024-11-12T17:29:09 IST" name="test1" finished-at="2024-11-12T17:29:19 IST" duration-ms="10037" status="PASS">
          <reporter-output>
          </reporter-output>
        </test-method> <!-- test1 -->
        <test-method is-config="true" signature="tearDown()[pri:0, instance:Simpleformdemo.Testscenario_1@3b0fe47a]" started-at="2024-11-12T17:29:19 IST" name="tearDown" finished-at="2024-11-12T17:29:21 IST" duration-ms="1906" status="PASS">
          <reporter-output>
          </reporter-output>
        </test-method> <!-- tearDown -->
      </class> <!-- Simpleformdemo.Testscenario_1 -->
    </test> <!-- Test2 -->
    <test started-at="2024-11-12T17:29:21 IST" name="Test3" finished-at="2024-11-12T17:29:37 IST" duration-ms="16145">
      <class name="Draganddropslider.Testscenario2">
        <test-method is-config="true" signature="setup(java.lang.reflect.Method,org.testng.ITestContext)[pri:0, instance:Draganddropslider.Testscenario2@74d1dc36]" started-at="2024-11-12T17:29:21 IST" name="setup" finished-at="2024-11-12T17:29:28 IST" duration-ms="6579" status="PASS">
          <params>
            <param index="0">
              <value>
                <![CDATA[public void Draganddropslider.Testscenario2.test2()]]>
              </value>
            </param>
            <param index="1">
              <value>
                <![CDATA[org.testng.TestRunner@3eda0aeb]]>
              </value>
            </param>
          </params>
          <reporter-output>
          </reporter-output>
        </test-method> <!-- setup -->
        <test-method signature="test2()[pri:0, instance:Draganddropslider.Testscenario2@74d1dc36]" started-at="2024-11-12T17:29:28 IST" name="test2" finished-at="2024-11-12T17:29:35 IST" duration-ms="7488" status="PASS">
          <reporter-output>
          </reporter-output>
        </test-method> <!-- test2 -->
        <test-method is-config="true" signature="tearDown()[pri:0, instance:Draganddropslider.Testscenario2@74d1dc36]" started-at="2024-11-12T17:29:35 IST" name="tearDown" finished-at="2024-11-12T17:29:37 IST" duration-ms="2072" status="PASS">
          <reporter-output>
          </reporter-output>
        </test-method> <!-- tearDown -->
      </class> <!-- Draganddropslider.Testscenario2 -->
    </test> <!-- Test3 -->
    <test started-at="2024-11-12T17:29:37 IST" name="Test4" finished-at="2024-11-12T17:29:53 IST" duration-ms="15513">
      <class name="Draganddropslider.Testscenario2">
        <test-method is-config="true" signature="setup(java.lang.reflect.Method,org.testng.ITestContext)[pri:0, instance:Draganddropslider.Testscenario2@19e4653c]" started-at="2024-11-12T17:29:37 IST" name="setup" finished-at="2024-11-12T17:29:43 IST" duration-ms="5557" status="PASS">
          <params>
            <param index="0">
              <value>
                <![CDATA[public void Draganddropslider.Testscenario2.test2()]]>
              </value>
            </param>
            <param index="1">
              <value>
                <![CDATA[org.testng.TestRunner@459b187a]]>
              </value>
            </param>
          </params>
          <reporter-output>
          </reporter-output>
        </test-method> <!-- setup -->
        <test-method signature="test2()[pri:0, instance:Draganddropslider.Testscenario2@19e4653c]" started-at="2024-11-12T17:29:43 IST" name="test2" finished-at="2024-11-12T17:29:51 IST" duration-ms="8296" status="PASS">
          <reporter-output>
          </reporter-output>
        </test-method> <!-- test2 -->
        <test-method is-config="true" signature="tearDown()[pri:0, instance:Draganddropslider.Testscenario2@19e4653c]" started-at="2024-11-12T17:29:51 IST" name="tearDown" finished-at="2024-11-12T17:29:53 IST" duration-ms="1657" status="PASS">
          <reporter-output>
          </reporter-output>
        </test-method> <!-- tearDown -->
      </class> <!-- Draganddropslider.Testscenario2 -->
    </test> <!-- Test4 -->
    <test started-at="2024-11-12T17:29:53 IST" name="Test5" finished-at="2024-11-12T17:31:03 IST" duration-ms="69555">
      <class name="Inputformsubmit.Testscenario3">
        <test-method is-config="true" signature="setup(java.lang.reflect.Method,org.testng.ITestContext)[pri:0, instance:Inputformsubmit.Testscenario3@548d708a]" started-at="2024-11-12T17:29:53 IST" name="setup" finished-at="2024-11-12T17:30:00 IST" duration-ms="6657" status="PASS">
          <params>
            <param index="0">
              <value>
                <![CDATA[public void Inputformsubmit.Testscenario3.test3()]]>
              </value>
            </param>
            <param index="1">
              <value>
                <![CDATA[org.testng.TestRunner@6b4283c4]]>
              </value>
            </param>
          </params>
          <reporter-output>
          </reporter-output>
        </test-method> <!-- setup -->
        <test-method signature="test3()[pri:0, instance:Inputformsubmit.Testscenario3@548d708a]" started-at="2024-11-12T17:30:00 IST" name="test3" finished-at="2024-11-12T17:31:00 IST" duration-ms="60740" status="FAIL">
          <exception class="org.openqa.selenium.WebDriverException">
            <message>
              <![CDATA[Reached error page: about:neterror?e=netTimeout&u=https%3A//www.lambdatest.com/selenium-playground&c=UTF-8&d=The%20server%20at%20www.lambdatest.com%20is%20taking%20too%20long%20to%20respond.
Build info: version: '4.18.1', revision: 'b1d3319b48'
System info: os.name: 'Windows 11', os.arch: 'amd64', os.version: '10.0', java.version: '22.0.1'
Driver info: org.openqa.selenium.remote.RemoteWebDriver
Command: [552be653-7e9f-488c-adbe-a219166951d5, get {url=https://www.lambdatest.com/selenium-playground}]
Capabilities {acceptInsecureCerts: true, browserName: firefox, browserVersion: 102.0, moz:accessibilityChecks: false, moz:buildID: 20220531194922, moz:geckodriverVersion: 0.31.0, moz:headless: false, moz:processID: 608, moz:profile: C:\Users\ltuser\AppData\Loc..., moz:shutdownTimeout: 60000, moz:useNonSpecCompliantPointerOrigin: false, moz:webdriverClick: true, moz:windowless: false, pageLoadStrategy: normal, platformName: windows, platformVersion: 6.2, proxy: Proxy(), setWindowRect: true, strictFileInteractability: false, timeouts: {implicit: 0, pageLoad: 300000, script: 30000}, unhandledPromptBehavior: dismiss and notify}
Session ID: 552be653-7e9f-488c-adbe-a219166951d5]]>
            </message>
            <full-stacktrace>
              <![CDATA[org.openqa.selenium.WebDriverException: Reached error page: about:neterror?e=netTimeout&u=https%3A//www.lambdatest.com/selenium-playground&c=UTF-8&d=The%20server%20at%20www.lambdatest.com%20is%20taking%20too%20long%20to%20respond.
Build info: version: '4.18.1', revision: 'b1d3319b48'
System info: os.name: 'Windows 11', os.arch: 'amd64', os.version: '10.0', java.version: '22.0.1'
Driver info: org.openqa.selenium.remote.RemoteWebDriver
Command: [552be653-7e9f-488c-adbe-a219166951d5, get {url=https://www.lambdatest.com/selenium-playground}]
Capabilities {acceptInsecureCerts: true, browserName: firefox, browserVersion: 102.0, moz:accessibilityChecks: false, moz:buildID: 20220531194922, moz:geckodriverVersion: 0.31.0, moz:headless: false, moz:processID: 608, moz:profile: C:\Users\ltuser\AppData\Loc..., moz:shutdownTimeout: 60000, moz:useNonSpecCompliantPointerOrigin: false, moz:webdriverClick: true, moz:windowless: false, pageLoadStrategy: normal, platformName: windows, platformVersion: 6.2, proxy: Proxy(), setWindowRect: true, strictFileInteractability: false, timeouts: {implicit: 0, pageLoad: 300000, script: 30000}, unhandledPromptBehavior: dismiss and notify}
Session ID: 552be653-7e9f-488c-adbe-a219166951d5
at java.base/jdk.internal.reflect.DirectConstructorHandleAccessor.newInstance(DirectConstructorHandleAccessor.java:62)
at java.base/java.lang.reflect.Constructor.newInstanceWithCaller(Constructor.java:502)
at java.base/java.lang.reflect.Constructor.newInstance(Constructor.java:486)
at org.openqa.selenium.remote.ErrorCodec.decode(ErrorCodec.java:167)
at org.openqa.selenium.remote.codec.w3c.W3CHttpResponseCodec.decode(W3CHttpResponseCodec.java:138)
at org.openqa.selenium.remote.codec.w3c.W3CHttpResponseCodec.decode(W3CHttpResponseCodec.java:50)
at org.openqa.selenium.remote.HttpCommandExecutor.execute(HttpCommandExecutor.java:190)
at org.openqa.selenium.remote.TracedCommandExecutor.execute(TracedCommandExecutor.java:51)
at org.openqa.selenium.remote.RemoteWebDriver.execute(RemoteWebDriver.java:519)
at org.openqa.selenium.remote.RemoteWebDriver.get(RemoteWebDriver.java:301)
at Inputformsubmit.Testscenario3.test3(Testscenario3.java:60)
at java.base/jdk.internal.reflect.DirectMethodHandleAccessor.invoke(DirectMethodHandleAccessor.java:103)
at java.base/java.lang.reflect.Method.invoke(Method.java:580)
at org.testng.internal.MethodInvocationHelper.invokeMethod(MethodInvocationHelper.java:133)
at org.testng.internal.TestInvoker.invokeMethod(TestInvoker.java:598)
at org.testng.internal.TestInvoker.invokeTestMethod(TestInvoker.java:173)
at org.testng.internal.MethodRunner.runInSequence(MethodRunner.java:46)
at org.testng.internal.TestInvoker$MethodInvocationAgent.invoke(TestInvoker.java:824)
at org.testng.internal.TestInvoker.invokeTestMethods(TestInvoker.java:146)
at org.testng.internal.TestMethodWorker.invokeTestMethods(TestMethodWorker.java:146)
at org.testng.internal.TestMethodWorker.run(TestMethodWorker.java:128)
at java.base/java.util.ArrayList.forEach(ArrayList.java:1597)
at org.testng.TestRunner.privateRun(TestRunner.java:794)
at org.testng.TestRunner.run(TestRunner.java:596)
at org.testng.SuiteRunner.runTest(SuiteRunner.java:377)
at org.testng.SuiteRunner.runSequentially(SuiteRunner.java:371)
at org.testng.SuiteRunner.privateRun(SuiteRunner.java:332)
at org.testng.SuiteRunner.run(SuiteRunner.java:276)
at org.testng.SuiteRunnerWorker.runSuite(SuiteRunnerWorker.java:53)
at org.testng.SuiteRunnerWorker.run(SuiteRunnerWorker.java:96)
at org.testng.TestNG.runSuitesSequentially(TestNG.java:1212)
at org.testng.TestNG.runSuitesLocally(TestNG.java:1134)
at org.testng.TestNG.runSuites(TestNG.java:1063)
at org.testng.TestNG.run(TestNG.java:1031)
at org.testng.remote.AbstractRemoteTestNG.run(AbstractRemoteTestNG.java:115)
at org.testng.remote.RemoteTestNG.initAndRun(RemoteTestNG.java:293)
at org.testng.remote.RemoteTestNG.main(RemoteTestNG.java:91)
]]>
            </full-stacktrace>
          </exception> <!-- org.openqa.selenium.WebDriverException -->
          <reporter-output>
          </reporter-output>
        </test-method> <!-- test3 -->
        <test-method is-config="true" signature="tearDown()[pri:0, instance:Inputformsubmit.Testscenario3@548d708a]" started-at="2024-11-12T17:31:00 IST" name="tearDown" finished-at="2024-11-12T17:31:03 IST" duration-ms="2153" status="PASS">
          <reporter-output>
          </reporter-output>
        </test-method> <!-- tearDown -->
      </class> <!-- Inputformsubmit.Testscenario3 -->
    </test> <!-- Test5 -->
    <test started-at="2024-11-12T17:31:03 IST" name="Test6" finished-at="2024-11-12T17:32:03 IST" duration-ms="60587">
      <class name="Inputformsubmit.Testscenario3">
        <test-method is-config="true" signature="setup(java.lang.reflect.Method,org.testng.ITestContext)[pri:0, instance:Inputformsubmit.Testscenario3@712625fd]" started-at="2024-11-12T17:31:03 IST" name="setup" finished-at="2024-11-12T17:31:08 IST" duration-ms="5673" status="PASS">
          <params>
            <param index="0">
              <value>
                <![CDATA[public void Inputformsubmit.Testscenario3.test3()]]>
              </value>
            </param>
            <param index="1">
              <value>
                <![CDATA[org.testng.TestRunner@10dc7d6]]>
              </value>
            </param>
          </params>
          <reporter-output>
          </reporter-output>
        </test-method> <!-- setup -->
        <test-method signature="test3()[pri:0, instance:Inputformsubmit.Testscenario3@712625fd]" started-at="2024-11-12T17:31:08 IST" name="test3" finished-at="2024-11-12T17:32:02 IST" duration-ms="53305" status="FAIL">
          <exception class="org.openqa.selenium.TimeoutException">
            <message>
              <![CDATA[Expected condition failed: waiting for visibility of element located by By.xpath: //p[@class='success-msg hidden'] (tried for 35 second(s) with 500 milliseconds interval)
Build info: version: '4.18.1', revision: 'b1d3319b48'
System info: os.name: 'Windows 11', os.arch: 'amd64', os.version: '10.0', java.version: '22.0.1'
Driver info: org.openqa.selenium.remote.RemoteWebDriver
Capabilities {acceptInsecureCerts: false, browserName: chrome, browserVersion: 103.0.5060.66, chrome: {chromedriverVersion: 103.0.5060.134 (8ec6fce403b..., userDataDir: C:\Users\ltuser\AppData\Loc...}, goog:chromeOptions: {debuggerAddress: localhost:9225}, networkConnectionEnabled: false, pageLoadStrategy: normal, platformName: windows, proxy: Proxy(), setWindowRect: true, strictFileInteractability: false, timeouts: {implicit: 0, pageLoad: 300000, script: 30000}, unhandledPromptBehavior: dismiss and notify, webauthn:extension:credBlob: true, webauthn:extension:largeBlob: true, webauthn:virtualAuthenticators: true}
Session ID: 4d9c4a38770a3abc826dc406add01d25]]>
            </message>
            <full-stacktrace>
              <![CDATA[org.openqa.selenium.TimeoutException: Expected condition failed: waiting for visibility of element located by By.xpath: //p[@class='success-msg hidden'] (tried for 35 second(s) with 500 milliseconds interval)
Build info: version: '4.18.1', revision: 'b1d3319b48'
System info: os.name: 'Windows 11', os.arch: 'amd64', os.version: '10.0', java.version: '22.0.1'
Driver info: org.openqa.selenium.remote.RemoteWebDriver
Capabilities {acceptInsecureCerts: false, browserName: chrome, browserVersion: 103.0.5060.66, chrome: {chromedriverVersion: 103.0.5060.134 (8ec6fce403b..., userDataDir: C:\Users\ltuser\AppData\Loc...}, goog:chromeOptions: {debuggerAddress: localhost:9225}, networkConnectionEnabled: false, pageLoadStrategy: normal, platformName: windows, proxy: Proxy(), setWindowRect: true, strictFileInteractability: false, timeouts: {implicit: 0, pageLoad: 300000, script: 30000}, unhandledPromptBehavior: dismiss and notify, webauthn:extension:credBlob: true, webauthn:extension:largeBlob: true, webauthn:virtualAuthenticators: true}
Session ID: 4d9c4a38770a3abc826dc406add01d25
at org.openqa.selenium.support.ui.WebDriverWait.timeoutException(WebDriverWait.java:84)
at org.openqa.selenium.support.ui.FluentWait.until(FluentWait.java:228)
at Inputformsubmit.Testscenario3.test3(Testscenario3.java:83)
at java.base/jdk.internal.reflect.DirectMethodHandleAccessor.invoke(DirectMethodHandleAccessor.java:103)
at java.base/java.lang.reflect.Method.invoke(Method.java:580)
at org.testng.internal.MethodInvocationHelper.invokeMethod(MethodInvocationHelper.java:133)
at org.testng.internal.TestInvoker.invokeMethod(TestInvoker.java:598)
at org.testng.internal.TestInvoker.invokeTestMethod(TestInvoker.java:173)
at org.testng.internal.MethodRunner.runInSequence(MethodRunner.java:46)
at org.testng.internal.TestInvoker$MethodInvocationAgent.invoke(TestInvoker.java:824)
at org.testng.internal.TestInvoker.invokeTestMethods(TestInvoker.java:146)
at org.testng.internal.TestMethodWorker.invokeTestMethods(TestMethodWorker.java:146)
at org.testng.internal.TestMethodWorker.run(TestMethodWorker.java:128)
at java.base/java.util.ArrayList.forEach(ArrayList.java:1597)
at org.testng.TestRunner.privateRun(TestRunner.java:794)
at org.testng.TestRunner.run(TestRunner.java:596)
at org.testng.SuiteRunner.runTest(SuiteRunner.java:377)
at org.testng.SuiteRunner.runSequentially(SuiteRunner.java:371)
at org.testng.SuiteRunner.privateRun(SuiteRunner.java:332)
at org.testng.SuiteRunner.run(SuiteRunner.java:276)
at org.testng.SuiteRunnerWorker.runSuite(SuiteRunnerWorker.java:53)
at org.testng.SuiteRunnerWorker.run(SuiteRunnerWorker.java:96)
at org.testng.TestNG.runSuitesSequentially(TestNG.java:1212)
at org.testng.TestNG.runSuitesLocally(TestNG.java:1134)
at org.testng.TestNG.runSuites(TestNG.java:1063)
at org.testng.TestNG.run(TestNG.java:1031)
at org.testng.remote.AbstractRemoteTestNG.run(AbstractRemoteTestNG.java:115)
at org.testng.remote.RemoteTestNG.initAndRun(RemoteTestNG.java:293)
at org.testng.remote.RemoteTestNG.main(RemoteTestNG.java:91)
]]>
            </full-stacktrace>
          </exception> <!-- org.openqa.selenium.TimeoutException -->
          <reporter-output>
          </reporter-output>
        </test-method> <!-- test3 -->
        <test-method is-config="true" signature="tearDown()[pri:0, instance:Inputformsubmit.Testscenario3@712625fd]" started-at="2024-11-12T17:32:02 IST" name="tearDown" finished-at="2024-11-12T17:32:03 IST" duration-ms="1605" status="PASS">
          <reporter-output>
          </reporter-output>
        </test-method> <!-- tearDown -->
      </class> <!-- Inputformsubmit.Testscenario3 -->
    </test> <!-- Test6 -->
  </suite> <!-- Suite -->
</testng-results>
